<?xml version="1.0" encoding="UTF-8"?>
<!-- Generated by org.testng.reporters.JUnitXMLReporter -->
<testsuite ignored="0" hostname="DESKTOP-JJ90HMT" failures="0" tests="2" name="Test" time="0.082" errors="0" timestamp="2025-07-12T16:46:24 IST">
  <testcase classname="PageTestClass.Login_page_test" name="@BeforeTest getLaunchURLs" time="0.012">
    <failure type="java.lang.NullPointerException" message="Cannot invoke &amp;quot;java.util.Properties.getProperty(String)&amp;quot; because &amp;quot;this.prop&amp;quot; is null">
      <![CDATA[java.lang.NullPointerException: Cannot invoke "java.util.Properties.getProperty(String)" because "this.prop" is null
at Baselibrary.BaseLibrary.getLaunchURL(BaseLibrary.java:15)
at PageTestClass.Login_page_test.getLaunchURLs(Login_page_test.java:15)
... Removed 22 stack frames]]>
    </failure>
  </testcase> <!-- @BeforeTest getLaunchURLs -->
  <testcase classname="Baselibrary.BaseLibrary" name="@AfterTest closeBrowser" time="0.0">
    <skipped/>
  </testcase> <!-- @AfterTest closeBrowser -->
  <testcase classname="PageTestClass.Login_page_test" name="testLoginPage" time="0.0">
    <skipped/>
  </testcase> <!-- testLoginPage -->
  <testcase classname="PageTestClass.Login_page_test" name="testGetTitle" time="0.001">
    <skipped/>
  </testcase> <!-- testGetTitle -->
</testsuite> <!-- Test -->
