<?xml version="1.0" encoding="UTF-8"?>
<testng-results ignored="0" total="2" passed="2" failed="0" skipped="0">
  <reporter-output>
  </reporter-output>
  <suite started-at="2025-07-12T17:48:25 IST" name="Default suite" finished-at="2025-07-12T17:48:50 IST" duration-ms="25049">
    <groups>
    </groups>
    <test started-at="2025-07-12T17:48:25 IST" name="Default test" finished-at="2025-07-12T17:48:50 IST" duration-ms="25049">
      <class name="PageTestClass.Logintest">
        <test-method is-config="true" signature="getLaunchURLs()[pri:0, instance:PageTestClass.Logintest@5e5d171f]" started-at="2025-07-12T17:48:25 IST" name="getLaunchURLs" finished-at="2025-07-12T17:48:42 IST" duration-ms="16450" status="PASS">
          <reporter-output>
          </reporter-output>
        </test-method> <!-- getLaunchURLs -->
        <test-method signature="testLoginPage()[pri:0, instance:PageTestClass.Logintest@5e5d171f]" started-at="2025-07-12T17:48:42 IST" name="testLoginPage" finished-at="2025-07-12T17:48:50 IST" duration-ms="8525" status="PASS">
          <reporter-output>
          </reporter-output>
        </test-method> <!-- testLoginPage -->
        <test-method signature="testGetTitle()[pri:1, instance:PageTestClass.Logintest@5e5d171f]" started-at="2025-07-12T17:48:50 IST" name="testGetTitle" finished-at="2025-07-12T17:48:50 IST" duration-ms="23" status="PASS">
          <reporter-output>
          </reporter-output>
        </test-method> <!-- testGetTitle -->
      </class> <!-- PageTestClass.Logintest -->
    </test> <!-- Default test -->
  </suite> <!-- Default suite -->
</testng-results>
